<?xml version="1.0" encoding="UTF-8"?>
<testsuite name="teste.TestMainVerticle" tests="1" skipped="0" failures="0" errors="0" timestamp="2022-06-13T19:36:28" hostname="codespaces-aca3c6" time="0.313">
  <properties/>
  <testcase name="verticle_deployed(Vertx, VertxTestContext)" classname="teste.TestMainVerticle" time="0.313"/>
  <system-out><![CDATA[]]></system-out>
  <system-err><![CDATA[]]></system-err>
</testsuite>
